2021-01-01 19:37:19,011 DEBUG o.a.i.l.LogFactory [http-nio-8088-exec-6] Logging initialized using 'class org.apache.ibatis.logging.slf4j.Slf4jImpl' adapter.
2021-01-01 19:37:19,320 DEBUG o.a.i.d.p.PooledDataSource [http-nio-8088-exec-6] PooledDataSource forcefully closed/removed all connections.
2021-01-01 19:37:19,320 DEBUG o.a.i.d.p.PooledDataSource [http-nio-8088-exec-6] PooledDataSource forcefully closed/removed all connections.
2021-01-01 19:37:19,320 DEBUG o.a.i.d.p.PooledDataSource [http-nio-8088-exec-6] PooledDataSource forcefully closed/removed all connections.
2021-01-01 19:37:19,320 DEBUG o.a.i.d.p.PooledDataSource [http-nio-8088-exec-6] PooledDataSource forcefully closed/removed all connections.
2021-01-01 19:37:19,571 INFO c.g.o.DBBuilderForPjt [http-nio-8088-exec-6] Session >> Success
2021-01-01 19:37:19,592 INFO c.g.c.ProductController [http-nio-8088-exec-6] >>> Product Service start
2021-01-01 19:37:19,593 INFO c.g.c.ProductController [http-nio-8088-exec-6] li
2021-01-01 19:37:19,618 DEBUG o.a.i.t.j.JdbcTransaction [http-nio-8088-exec-6] Opening JDBC Connection
2021-01-01 19:37:20,250 DEBUG o.a.i.d.p.PooledDataSource [http-nio-8088-exec-6] Created connection 508148572.
2021-01-01 19:37:20,251 DEBUG o.a.i.t.j.JdbcTransaction [http-nio-8088-exec-6] Setting autocommit to false on JDBC Connection [com.mysql.jdbc.JDBC4Connection@1e49bb5c]
2021-01-01 19:37:20,256 DEBUG c.g.m.p.list [http-nio-8088-exec-6] ==>  Preparing: select pno, category, pname, price, thumb, imgfile from product 
2021-01-01 19:37:20,297 DEBUG c.g.m.p.list [http-nio-8088-exec-6] ==> Parameters: 
2021-01-01 19:37:20,336 TRACE c.g.m.p.list [http-nio-8088-exec-6] <==    Columns: pno, category, pname, price, thumb, imgfile
2021-01-01 19:37:20,336 TRACE c.g.m.p.list [http-nio-8088-exec-6] <==        Row: 3, ss, 3D 프린터 전용 물감 PLA ABS 채색 도료 물감 출력물 후가공 DNA물감, 3500, s_draw02.JPG, draw02.JPG
2021-01-01 19:37:20,341 TRACE c.g.m.p.list [http-nio-8088-exec-6] <==        Row: 4, ss, 성인 어른 색칠공부 컬러링북 색연필 세트 명화색칠하기 집콕생활 놀이, 15400, s_draw03.JPG, draw03.JPG
2021-01-01 19:37:20,342 TRACE c.g.m.p.list [http-nio-8088-exec-6] <==        Row: 8, pm, 미 해병대 전투기 집콕 프라모델 취미 수집 헬기 완구, 19900, s_eagle01.JPG, eagle01.JPG
2021-01-01 19:37:20,343 TRACE c.g.m.p.list [http-nio-8088-exec-6] <==        Row: 9, ss, 멍냥이 컬러링 키트 2021신년ver. 미술놀이 취미 집콕놀이 DIY 아동미술 아트토이, 10500, s_draw01.JPG, draw01.JPG
2021-01-01 19:37:20,343 TRACE c.g.m.p.list [http-nio-8088-exec-6] <==        Row: 10, pm, 마세라티모형 자동차조립 집콕 프라모델 아들 취미, 35000, s_car01.JPG, car01.JPG
2021-01-01 19:37:20,344 TRACE c.g.m.p.list [http-nio-8088-exec-6] <==        Row: 11, lg, 레고프렌즈 하트레이크 그랜드호텔 41101 생일선물 집콕놀이, 53000, s_lego01.JPG, lego01.JPG
2021-01-01 19:37:20,344 TRACE c.g.m.p.list [http-nio-8088-exec-6] <==        Row: 12, lg, 레고시티 경찰서 고속추격전 세트 일석이조 호환블럭, 59000, s_lego02.JPG, lego02.JPG
2021-01-01 19:37:20,344 TRACE c.g.m.p.list [http-nio-8088-exec-6] <==        Row: 13, lg, 레고경찰서 레고 레고시티시리즈 항공배송 생일선물, 170000, s_lego03.JPG, lego03.JPG
2021-01-01 19:37:20,346 TRACE c.g.m.p.list [http-nio-8088-exec-6] <==        Row: 14, pg, 노트르담 대성당 3D 입체퍼즐 세계 유명 건축물 건물 모형 조립 종이 초등 뜯어만들기, 8400, s_puzzle01.JPG, puzzle01.JPG
2021-01-01 19:37:20,346 TRACE c.g.m.p.list [http-nio-8088-exec-6] <==        Row: 15, pg, 노이슈반슈타인 성 3D 입체퍼즐 세계 유명 건축물 건물 모형 조립 종이 초등 뜯어만들기, 8400, s_puzzle02.JPG, puzzle02.JPG
2021-01-01 19:37:20,347 DEBUG c.g.m.p.list [http-nio-8088-exec-6] <==      Total: 10
2021-01-01 19:37:20,348 DEBUG c.g.m.p.vcnt [http-nio-8088-exec-6] ==>  Preparing: select pno, category, pname, price, thumb, imgfile from product order by vcnt desc 
2021-01-01 19:37:20,349 DEBUG c.g.m.p.vcnt [http-nio-8088-exec-6] ==> Parameters: 
2021-01-01 19:37:20,351 TRACE c.g.m.p.vcnt [http-nio-8088-exec-6] <==    Columns: pno, category, pname, price, thumb, imgfile
2021-01-01 19:37:20,351 TRACE c.g.m.p.vcnt [http-nio-8088-exec-6] <==        Row: 4, ss, 성인 어른 색칠공부 컬러링북 색연필 세트 명화색칠하기 집콕생활 놀이, 15400, s_draw03.JPG, draw03.JPG
2021-01-01 19:37:20,352 TRACE c.g.m.p.vcnt [http-nio-8088-exec-6] <==        Row: 8, pm, 미 해병대 전투기 집콕 프라모델 취미 수집 헬기 완구, 19900, s_eagle01.JPG, eagle01.JPG
2021-01-01 19:37:20,353 TRACE c.g.m.p.vcnt [http-nio-8088-exec-6] <==        Row: 9, ss, 멍냥이 컬러링 키트 2021신년ver. 미술놀이 취미 집콕놀이 DIY 아동미술 아트토이, 10500, s_draw01.JPG, draw01.JPG
2021-01-01 19:37:20,353 TRACE c.g.m.p.vcnt [http-nio-8088-exec-6] <==        Row: 13, lg, 레고경찰서 레고 레고시티시리즈 항공배송 생일선물, 170000, s_lego03.JPG, lego03.JPG
2021-01-01 19:37:20,354 TRACE c.g.m.p.vcnt [http-nio-8088-exec-6] <==        Row: 3, ss, 3D 프린터 전용 물감 PLA ABS 채색 도료 물감 출력물 후가공 DNA물감, 3500, s_draw02.JPG, draw02.JPG
2021-01-01 19:37:20,355 TRACE c.g.m.p.vcnt [http-nio-8088-exec-6] <==        Row: 10, pm, 마세라티모형 자동차조립 집콕 프라모델 아들 취미, 35000, s_car01.JPG, car01.JPG
2021-01-01 19:37:20,357 TRACE c.g.m.p.vcnt [http-nio-8088-exec-6] <==        Row: 11, lg, 레고프렌즈 하트레이크 그랜드호텔 41101 생일선물 집콕놀이, 53000, s_lego01.JPG, lego01.JPG
2021-01-01 19:37:20,358 TRACE c.g.m.p.vcnt [http-nio-8088-exec-6] <==        Row: 12, lg, 레고시티 경찰서 고속추격전 세트 일석이조 호환블럭, 59000, s_lego02.JPG, lego02.JPG
2021-01-01 19:37:20,358 TRACE c.g.m.p.vcnt [http-nio-8088-exec-6] <==        Row: 14, pg, 노트르담 대성당 3D 입체퍼즐 세계 유명 건축물 건물 모형 조립 종이 초등 뜯어만들기, 8400, s_puzzle01.JPG, puzzle01.JPG
2021-01-01 19:37:20,359 TRACE c.g.m.p.vcnt [http-nio-8088-exec-6] <==        Row: 15, pg, 노이슈반슈타인 성 3D 입체퍼즐 세계 유명 건축물 건물 모형 조립 종이 초등 뜯어만들기, 8400, s_puzzle02.JPG, puzzle02.JPG
2021-01-01 19:37:20,359 DEBUG c.g.m.p.vcnt [http-nio-8088-exec-6] <==      Total: 10
2021-01-01 19:37:20,360 DEBUG c.g.m.p.ocnt [http-nio-8088-exec-6] ==>  Preparing: select pno, category, pname, price, thumb, imgfile from product order by ocnt desc 
2021-01-01 19:37:20,360 DEBUG c.g.m.p.ocnt [http-nio-8088-exec-6] ==> Parameters: 
2021-01-01 19:37:20,362 TRACE c.g.m.p.ocnt [http-nio-8088-exec-6] <==    Columns: pno, category, pname, price, thumb, imgfile
2021-01-01 19:37:20,362 TRACE c.g.m.p.ocnt [http-nio-8088-exec-6] <==        Row: 3, ss, 3D 프린터 전용 물감 PLA ABS 채색 도료 물감 출력물 후가공 DNA물감, 3500, s_draw02.JPG, draw02.JPG
2021-01-01 19:37:20,363 TRACE c.g.m.p.ocnt [http-nio-8088-exec-6] <==        Row: 4, ss, 성인 어른 색칠공부 컬러링북 색연필 세트 명화색칠하기 집콕생활 놀이, 15400, s_draw03.JPG, draw03.JPG
2021-01-01 19:37:20,363 TRACE c.g.m.p.ocnt [http-nio-8088-exec-6] <==        Row: 8, pm, 미 해병대 전투기 집콕 프라모델 취미 수집 헬기 완구, 19900, s_eagle01.JPG, eagle01.JPG
2021-01-01 19:37:20,364 TRACE c.g.m.p.ocnt [http-nio-8088-exec-6] <==        Row: 9, ss, 멍냥이 컬러링 키트 2021신년ver. 미술놀이 취미 집콕놀이 DIY 아동미술 아트토이, 10500, s_draw01.JPG, draw01.JPG
2021-01-01 19:37:20,364 TRACE c.g.m.p.ocnt [http-nio-8088-exec-6] <==        Row: 10, pm, 마세라티모형 자동차조립 집콕 프라모델 아들 취미, 35000, s_car01.JPG, car01.JPG
2021-01-01 19:37:20,364 TRACE c.g.m.p.ocnt [http-nio-8088-exec-6] <==        Row: 11, lg, 레고프렌즈 하트레이크 그랜드호텔 41101 생일선물 집콕놀이, 53000, s_lego01.JPG, lego01.JPG
2021-01-01 19:37:20,365 TRACE c.g.m.p.ocnt [http-nio-8088-exec-6] <==        Row: 12, lg, 레고시티 경찰서 고속추격전 세트 일석이조 호환블럭, 59000, s_lego02.JPG, lego02.JPG
2021-01-01 19:37:20,365 TRACE c.g.m.p.ocnt [http-nio-8088-exec-6] <==        Row: 13, lg, 레고경찰서 레고 레고시티시리즈 항공배송 생일선물, 170000, s_lego03.JPG, lego03.JPG
2021-01-01 19:37:20,366 TRACE c.g.m.p.ocnt [http-nio-8088-exec-6] <==        Row: 14, pg, 노트르담 대성당 3D 입체퍼즐 세계 유명 건축물 건물 모형 조립 종이 초등 뜯어만들기, 8400, s_puzzle01.JPG, puzzle01.JPG
2021-01-01 19:37:20,366 TRACE c.g.m.p.ocnt [http-nio-8088-exec-6] <==        Row: 15, pg, 노이슈반슈타인 성 3D 입체퍼즐 세계 유명 건축물 건물 모형 조립 종이 초등 뜯어만들기, 8400, s_puzzle02.JPG, puzzle02.JPG
2021-01-01 19:37:20,366 DEBUG c.g.m.p.ocnt [http-nio-8088-exec-6] <==      Total: 10
2021-01-01 19:37:28,250 INFO c.g.c.ProductController [http-nio-8088-exec-3] >>> Product Service start
2021-01-01 19:37:28,251 INFO c.g.c.ProductController [http-nio-8088-exec-3] lic
2021-01-01 19:37:28,252 DEBUG c.g.m.p.cli [http-nio-8088-exec-3] ==>  Preparing: select pno, category, pname, price, thumb, imgfile from product where category=? 
2021-01-01 19:37:28,254 DEBUG c.g.m.p.cli [http-nio-8088-exec-3] ==> Parameters: ss(String)
2021-01-01 19:37:28,256 TRACE c.g.m.p.cli [http-nio-8088-exec-3] <==    Columns: pno, category, pname, price, thumb, imgfile
2021-01-01 19:37:28,256 TRACE c.g.m.p.cli [http-nio-8088-exec-3] <==        Row: 3, ss, 3D 프린터 전용 물감 PLA ABS 채색 도료 물감 출력물 후가공 DNA물감, 3500, s_draw02.JPG, draw02.JPG
2021-01-01 19:37:28,256 TRACE c.g.m.p.cli [http-nio-8088-exec-3] <==        Row: 4, ss, 성인 어른 색칠공부 컬러링북 색연필 세트 명화색칠하기 집콕생활 놀이, 15400, s_draw03.JPG, draw03.JPG
2021-01-01 19:37:28,256 TRACE c.g.m.p.cli [http-nio-8088-exec-3] <==        Row: 9, ss, 멍냥이 컬러링 키트 2021신년ver. 미술놀이 취미 집콕놀이 DIY 아동미술 아트토이, 10500, s_draw01.JPG, draw01.JPG
2021-01-01 19:37:28,257 DEBUG c.g.m.p.cli [http-nio-8088-exec-3] <==      Total: 3
2021-01-01 19:37:30,387 INFO c.g.c.ProductController [http-nio-8088-exec-2] >>> Product Service start
2021-01-01 19:37:30,387 INFO c.g.c.ProductController [http-nio-8088-exec-2] lic
2021-01-01 19:37:30,388 DEBUG c.g.m.p.cli [http-nio-8088-exec-2] ==>  Preparing: select pno, category, pname, price, thumb, imgfile from product where category=? 
2021-01-01 19:37:30,388 DEBUG c.g.m.p.cli [http-nio-8088-exec-2] ==> Parameters: pg(String)
2021-01-01 19:37:30,390 TRACE c.g.m.p.cli [http-nio-8088-exec-2] <==    Columns: pno, category, pname, price, thumb, imgfile
2021-01-01 19:37:30,391 TRACE c.g.m.p.cli [http-nio-8088-exec-2] <==        Row: 14, pg, 노트르담 대성당 3D 입체퍼즐 세계 유명 건축물 건물 모형 조립 종이 초등 뜯어만들기, 8400, s_puzzle01.JPG, puzzle01.JPG
2021-01-01 19:37:30,392 TRACE c.g.m.p.cli [http-nio-8088-exec-2] <==        Row: 15, pg, 노이슈반슈타인 성 3D 입체퍼즐 세계 유명 건축물 건물 모형 조립 종이 초등 뜯어만들기, 8400, s_puzzle02.JPG, puzzle02.JPG
2021-01-01 19:37:30,392 DEBUG c.g.m.p.cli [http-nio-8088-exec-2] <==      Total: 2
2021-01-01 19:37:32,002 INFO c.g.c.ProductController [http-nio-8088-exec-6] >>> Product Service start
2021-01-01 19:37:32,002 INFO c.g.c.ProductController [http-nio-8088-exec-6] lic
2021-01-01 19:37:32,003 DEBUG c.g.m.p.cli [http-nio-8088-exec-6] ==>  Preparing: select pno, category, pname, price, thumb, imgfile from product where category=? 
2021-01-01 19:37:32,003 DEBUG c.g.m.p.cli [http-nio-8088-exec-6] ==> Parameters: lg(String)
2021-01-01 19:37:32,005 TRACE c.g.m.p.cli [http-nio-8088-exec-6] <==    Columns: pno, category, pname, price, thumb, imgfile
2021-01-01 19:37:32,006 TRACE c.g.m.p.cli [http-nio-8088-exec-6] <==        Row: 11, lg, 레고프렌즈 하트레이크 그랜드호텔 41101 생일선물 집콕놀이, 53000, s_lego01.JPG, lego01.JPG
2021-01-01 19:37:32,006 TRACE c.g.m.p.cli [http-nio-8088-exec-6] <==        Row: 12, lg, 레고시티 경찰서 고속추격전 세트 일석이조 호환블럭, 59000, s_lego02.JPG, lego02.JPG
2021-01-01 19:37:32,007 TRACE c.g.m.p.cli [http-nio-8088-exec-6] <==        Row: 13, lg, 레고경찰서 레고 레고시티시리즈 항공배송 생일선물, 170000, s_lego03.JPG, lego03.JPG
2021-01-01 19:37:32,007 DEBUG c.g.m.p.cli [http-nio-8088-exec-6] <==      Total: 3
2021-01-01 19:37:33,889 INFO c.g.c.ProductController [http-nio-8088-exec-7] >>> Product Service start
2021-01-01 19:37:33,890 INFO c.g.c.ProductController [http-nio-8088-exec-7] lic
2021-01-01 19:37:33,890 DEBUG c.g.m.p.cli [http-nio-8088-exec-7] ==>  Preparing: select pno, category, pname, price, thumb, imgfile from product where category=? 
2021-01-01 19:37:33,891 DEBUG c.g.m.p.cli [http-nio-8088-exec-7] ==> Parameters: pm(String)
2021-01-01 19:37:33,893 TRACE c.g.m.p.cli [http-nio-8088-exec-7] <==    Columns: pno, category, pname, price, thumb, imgfile
2021-01-01 19:37:33,894 TRACE c.g.m.p.cli [http-nio-8088-exec-7] <==        Row: 8, pm, 미 해병대 전투기 집콕 프라모델 취미 수집 헬기 완구, 19900, s_eagle01.JPG, eagle01.JPG
2021-01-01 19:37:33,895 TRACE c.g.m.p.cli [http-nio-8088-exec-7] <==        Row: 10, pm, 마세라티모형 자동차조립 집콕 프라모델 아들 취미, 35000, s_car01.JPG, car01.JPG
2021-01-01 19:37:33,895 DEBUG c.g.m.p.cli [http-nio-8088-exec-7] <==      Total: 2
2021-01-01 19:38:39,226 DEBUG o.a.i.t.j.JdbcTransaction [http-nio-8088-exec-1] Opening JDBC Connection
2021-01-01 19:38:39,280 DEBUG o.a.i.d.p.PooledDataSource [http-nio-8088-exec-1] Created connection 1428017502.
2021-01-01 19:38:39,280 DEBUG o.a.i.t.j.JdbcTransaction [http-nio-8088-exec-1] Setting autocommit to false on JDBC Connection [com.mysql.jdbc.JDBC4Connection@551dd15e]
2021-01-01 19:38:39,281 DEBUG c.g.m.c.cnt [http-nio-8088-exec-1] ==>  Preparing: select count(cano) from cartre; 
2021-01-01 19:38:39,282 DEBUG c.g.m.c.cnt [http-nio-8088-exec-1] ==> Parameters: 
2021-01-01 19:38:39,299 TRACE c.g.m.c.cnt [http-nio-8088-exec-1] <==    Columns: count(cano)
2021-01-01 19:38:39,299 TRACE c.g.m.c.cnt [http-nio-8088-exec-1] <==        Row: 16
2021-01-01 19:38:39,299 DEBUG c.g.m.c.cnt [http-nio-8088-exec-1] <==      Total: 1
2021-01-01 19:38:39,300 DEBUG c.g.m.c.list [http-nio-8088-exec-1] ==>  Preparing: select cano, id, cartre.pno, product.pname, cnt, product.thumb, product.price from cartre inner join product on cartre.pno = product.pno 
2021-01-01 19:38:39,300 DEBUG c.g.m.c.list [http-nio-8088-exec-1] ==> Parameters: 
2021-01-01 19:38:39,309 TRACE c.g.m.c.list [http-nio-8088-exec-1] <==    Columns: cano, id, pno, pname, cnt, thumb, price
2021-01-01 19:38:39,309 TRACE c.g.m.c.list [http-nio-8088-exec-1] <==        Row: 1, , 8, 미 해병대 전투기 집콕 프라모델 취미 수집 헬기 완구, 3, s_eagle01.JPG, 19900
2021-01-01 19:38:39,310 TRACE c.g.m.c.list [http-nio-8088-exec-1] <==        Row: 3, , 8, 미 해병대 전투기 집콕 프라모델 취미 수집 헬기 완구, 3, s_eagle01.JPG, 19900
2021-01-01 19:38:39,310 TRACE c.g.m.c.list [http-nio-8088-exec-1] <==        Row: 4, manager, 9, 멍냥이 컬러링 키트 2021신년ver. 미술놀이 취미 집콕놀이 DIY 아동미술 아트토이, 3, s_draw01.JPG, 10500
2021-01-01 19:38:39,310 TRACE c.g.m.c.list [http-nio-8088-exec-1] <==        Row: 5, manager, 11, 레고프렌즈 하트레이크 그랜드호텔 41101 생일선물 집콕놀이, 3, s_lego01.JPG, 53000
2021-01-01 19:38:39,310 TRACE c.g.m.c.list [http-nio-8088-exec-1] <==        Row: 6, asdfasdf, 10, 마세라티모형 자동차조립 집콕 프라모델 아들 취미, 1, s_car01.JPG, 35000
2021-01-01 19:38:39,311 TRACE c.g.m.c.list [http-nio-8088-exec-1] <==        Row: 7, asdfasdf, 12, 레고시티 경찰서 고속추격전 세트 일석이조 호환블럭, 3, s_lego02.JPG, 59000
2021-01-01 19:38:39,311 TRACE c.g.m.c.list [http-nio-8088-exec-1] <==        Row: 8, asdf, 4, 성인 어른 색칠공부 컬러링북 색연필 세트 명화색칠하기 집콕생활 놀이, 1, s_draw03.JPG, 15400
2021-01-01 19:38:39,311 TRACE c.g.m.c.list [http-nio-8088-exec-1] <==        Row: 9, asdf, 8, 미 해병대 전투기 집콕 프라모델 취미 수집 헬기 완구, 1, s_eagle01.JPG, 19900
2021-01-01 19:38:39,311 TRACE c.g.m.c.list [http-nio-8088-exec-1] <==        Row: 10, , 9, 멍냥이 컬러링 키트 2021신년ver. 미술놀이 취미 집콕놀이 DIY 아동미술 아트토이, 1, s_draw01.JPG, 10500
2021-01-01 19:38:39,312 TRACE c.g.m.c.list [http-nio-8088-exec-1] <==        Row: 11, , 13, 레고경찰서 레고 레고시티시리즈 항공배송 생일선물, 1, s_lego03.JPG, 170000
2021-01-01 19:38:39,312 TRACE c.g.m.c.list [http-nio-8088-exec-1] <==        Row: 12, asdf, 11, 레고프렌즈 하트레이크 그랜드호텔 41101 생일선물 집콕놀이, 1, s_lego01.JPG, 53000
2021-01-01 19:38:39,312 TRACE c.g.m.c.list [http-nio-8088-exec-1] <==        Row: 13, asdf, 13, 레고경찰서 레고 레고시티시리즈 항공배송 생일선물, 1, s_lego03.JPG, 170000
2021-01-01 19:38:39,312 TRACE c.g.m.c.list [http-nio-8088-exec-1] <==        Row: 14, asdf, 9, 멍냥이 컬러링 키트 2021신년ver. 미술놀이 취미 집콕놀이 DIY 아동미술 아트토이, 1, s_draw01.JPG, 10500
2021-01-01 19:38:39,312 TRACE c.g.m.c.list [http-nio-8088-exec-1] <==        Row: 15, asdf, 4, 성인 어른 색칠공부 컬러링북 색연필 세트 명화색칠하기 집콕생활 놀이, 1, s_draw03.JPG, 15400
2021-01-01 19:38:39,312 TRACE c.g.m.c.list [http-nio-8088-exec-1] <==        Row: 16, asdf, 12, 레고시티 경찰서 고속추격전 세트 일석이조 호환블럭, 3, s_lego02.JPG, 59000
2021-01-01 19:38:39,313 TRACE c.g.m.c.list [http-nio-8088-exec-1] <==        Row: 17, asdf, 12, 레고시티 경찰서 고속추격전 세트 일석이조 호환블럭, 2, s_lego02.JPG, 59000
2021-01-01 19:38:39,314 DEBUG c.g.m.c.list [http-nio-8088-exec-1] <==      Total: 16
2021-01-01 19:38:46,301 DEBUG o.a.i.t.j.JdbcTransaction [http-nio-8088-exec-4] Opening JDBC Connection
2021-01-01 19:38:46,332 DEBUG o.a.i.d.p.PooledDataSource [http-nio-8088-exec-4] Created connection 1799760148.
2021-01-01 19:38:46,332 DEBUG o.a.i.t.j.JdbcTransaction [http-nio-8088-exec-4] Setting autocommit to false on JDBC Connection [com.mysql.jdbc.JDBC4Connection@6b462914]
2021-01-01 19:38:46,332 DEBUG c.g.m.m.login [http-nio-8088-exec-4] ==>  Preparing: select id, nickname, grade , cpn from member where id=? and pwd=? 
2021-01-01 19:38:46,333 DEBUG c.g.m.m.login [http-nio-8088-exec-4] ==> Parameters: asdf(String), asdf(String)
2021-01-01 19:38:46,342 TRACE c.g.m.m.login [http-nio-8088-exec-4] <==    Columns: id, nickname, grade, cpn
2021-01-01 19:38:46,342 TRACE c.g.m.m.login [http-nio-8088-exec-4] <==        Row: asdf, asdf, 0, 0
2021-01-01 19:38:46,342 DEBUG c.g.m.m.login [http-nio-8088-exec-4] <==      Total: 1
2021-01-01 19:38:46,469 INFO c.g.c.ProductController [http-nio-8088-exec-3] >>> Product Service start
2021-01-01 19:38:46,469 INFO c.g.c.ProductController [http-nio-8088-exec-3] li
